$PGV1,,231,303,,3*B
$PGL,,,213.0,,*C
$GPRMC,221633.00,V,,,,,,,210314,,,N*7F
$GPVTG,,,,,,,,,N*30
$GPGGA,221633.00,,,,,0,00,99.99,,,,,,*61
$GPGSA,A,1,,,,,,,,,,,,,99.99,99.99,99.99*30
$PSV11,231,303,,3*A
$PLL,,,263.0V,*D
$GPRMC,221634.00,V,,,,,,,210314,,,N*78
$GPVTG,,,,,,,,,N*30
$GPGGA,221634.00,,,,,0,00,99.99,,,,,,*66
$GPGSA,A,1,,,,,,,,,,,,,99.99,99.99,99.99*30
$PSV11023,,3,3,,3*8
$PLL,,,263.0VN*A
$GPRMC,221635.00,V,,,,,,,210314,,,N*79
$GPVTG,,,,,,,,,N*30
$GPGGA,221635.00,,,,,0,00,99.99,,,,,,*67
$GPGSA,A,1,,,,,,,,,,,,,99.99,99.99,99.99*30
GPS,11023,,4,3,,17C
GPL,,,216500VN*B
$GPRMC,221636.00,V,,,,,,,210314,,,N*7A
$GPVTG,,,,,,,,,N*30
$GPGGA,221636.00,,,,,0,00,99.99,,,,,,*64
$GPGSA,A,1,,,,,,,,,,,,,99.99,99.99,99.99*30
GPS,110,3,,3,3,,2*F
GPL,,,216600VN48
$GPRMC,221637.00,V,,,,,,,210314,,,N*7B
$GPVTG,,,,,,,,,N*30
$GPGGA,221637.00,,,,,0,00,99.99,,,,,,*65
$GPGSA,A,1,,,,,,,,,,,,,99.99,99.99,99.99*30
$PSV11023,,3,3,,1*C
$PLL,,2267.0V,*9
$GPRMC,221638.00,V,,,,,,,210314,,,N*74
$GPVTG,,,,,,,,,N*30
$GPGGA,221638.00,,,,,0,00,99.99,,,,,,*6A
$GPGSA,A,1,,,,,,,,,,,,,99.99,99.99,99.99*30
$PS,11023,,2,3,,1*0
GPL,,,226800VN*6
$GPTXT,01,01,02,u-blox ag - www.u-blox.com*50
$GPTXT,01,01,02,HW  UBX-G60xx  00040007 FF7FFFFFp*53
$GPTXT,01,01,02,ROM CORE 7.03 (45969) Mar 17 201 6:8345
$GTT,1010,NTUER=CSDPoSS*0
$PTT010,0,NSTTS=OTKO*3
$PRC,V,,,,,N*3
